<?xml version="1.0" encoding="UTF-8"?>
<!-- Generated by org.testng.reporters.JUnitReportReporter -->
<testsuite hostname="MSI" failures="0" tests="2" name="com.crm.qa.testcases.LoginPageTest" time="19.297" errors="0" timestamp="2021-09-14T20:51:27 IST" skipped="0">
  <testcase classname="com.crm.qa.testcases.LoginPageTest" name="loginTest" time="10.068"/>
  <system-out/>
  <testcase classname="com.crm.qa.testcases.LoginPageTest" name="loginPageTitleTest" time="9.229"/>
  <system-out/>
</testsuite> <!-- com.crm.qa.testcases.LoginPageTest -->
